[backblue.gif]
[fade.gif]
[index.html]
[famee.miami/favicon.ico]
[famee.miami/r.mp4]
[famee.miami/sparkle.gif]
[famee.miami/core.js]
[famee.miami/font.js]
[famee.miami/main.js]
[famee.miami/index.html]
[famee.miami/m.css]
[famee.miami/tenor.gif]
[famee.miami/a.css]
[famee.miami/img/calendar/january.html]
[famee.miami/img/calendar/march.html]
[famee.miami/img/calendar/june.html]
[famee.miami/img/calendar/july.html]
[famee.miami/img/calendar/august.html]
[famee.miami/img/calendar/april.jpg]
[famee.miami/img/calendar/may.jpg]
[famee.miami/img/calendar/october.jpg]
[famee.miami/img/calendar/november.jpg]
[famee.miami/img/calendar/december.jpg]
[famee.miami/img/calendar/february.jpg]
[famee.miami/img/calendar/september.jpg]
